<?xml version="1.0" encoding="UTF-8"?>
<testng-results retried="1" ignored="1" total="7" passed="4" failed="1" skipped="0">
  <reporter-output>
  </reporter-output>
  <suite started-at="2024-04-11T13:18:56 EDT" name="Suite" finished-at="2024-04-11T13:19:48 EDT" duration-ms="51712">
    <groups>
      <group name="Purchase">
        <method signature="StandAloneTest.submitOrder(java.util.HashMap)[pri:0, instance:ChaitanyaLearning.StandAloneTest@e70f13a]" name="submitOrder" class="ChaitanyaLearning.StandAloneTest"/>
      </group> <!-- Purchase -->
      <group name="Error Handling">
        <method signature="ErrorValidations.submitOrder()[pri:0, instance:ChaitanyaLearning.ErrorValidations@5a18cd76]" name="submitOrder" class="ChaitanyaLearning.ErrorValidations"/>
      </group> <!-- Error Handling -->
    </groups>
    <test started-at="2024-04-11T13:18:56 EDT" name="ErrorValidation" finished-at="2024-04-11T13:19:47 EDT" duration-ms="51283">
      <class name="ChaitanyaLearning.ErrorValidations">
        <test-method is-config="true" signature="launchApplication()[pri:0, instance:ChaitanyaLearning.ErrorValidations@5a18cd76]" started-at="2024-04-11T13:18:56 EDT" name="launchApplication" finished-at="2024-04-11T13:19:01 EDT" duration-ms="4976" status="PASS">
          <reporter-output>
          </reporter-output>
        </test-method> <!-- launchApplication -->
        <test-method signature="submitOrder()[pri:0, instance:ChaitanyaLearning.ErrorValidations@5a18cd76]" started-at="2024-04-11T13:19:01 EDT" name="submitOrder" finished-at="2024-04-11T13:19:02 EDT" duration-ms="1161" status="PASS">
          <reporter-output>
          </reporter-output>
        </test-method> <!-- submitOrder -->
        <test-method is-config="true" signature="tearDown()[pri:0, instance:ChaitanyaLearning.ErrorValidations@5a18cd76]" started-at="2024-04-11T13:19:02 EDT" name="tearDown" finished-at="2024-04-11T13:19:07 EDT" duration-ms="5086" status="PASS">
          <reporter-output>
          </reporter-output>
        </test-method> <!-- tearDown -->
        <test-method is-config="true" signature="launchApplication()[pri:0, instance:ChaitanyaLearning.ErrorValidations@5a18cd76]" started-at="2024-04-11T13:19:07 EDT" name="launchApplication" finished-at="2024-04-11T13:19:11 EDT" duration-ms="4280" status="PASS">
          <reporter-output>
          </reporter-output>
        </test-method> <!-- launchApplication -->
        <test-method retried="true" signature="submitOrderForCart()[pri:0, instance:ChaitanyaLearning.ErrorValidations@5a18cd76]" started-at="2024-04-11T13:19:11 EDT" name="submitOrderForCart" finished-at="2024-04-11T13:19:22 EDT" duration-ms="10246" status="SKIP">
          <exception class="org.openqa.selenium.TimeoutException">
            <message>
              <![CDATA[Expected condition failed: waiting for visibility of element located by By.cssSelector: .mb-3 (tried for 5 second(s) with 500 milliseconds interval)
Build info: version: '4.18.1', revision: 'b1d3319b48'
System info: os.name: 'Windows 11', os.arch: 'amd64', os.version: '10.0', java.version: '17.0.10'
Driver info: org.openqa.selenium.chrome.ChromeDriver
Capabilities {acceptInsecureCerts: false, browserName: chrome, browserVersion: 123.0.6312.106, chrome: {chromedriverVersion: 123.0.6312.122 (31f8248cdd9..., userDataDir: C:\Users\chait\AppData\Loca...}, fedcm:accounts: true, goog:chromeOptions: {debuggerAddress: localhost:52526}, networkConnectionEnabled: false, pageLoadStrategy: normal, platformName: windows, proxy: Proxy(), se:cdp: ws://localhost:52526/devtoo..., se:cdpVersion: 123.0.6312.106, setWindowRect: true, strictFileInteractability: false, timeouts: {implicit: 0, pageLoad: 300000, script: 30000}, unhandledPromptBehavior: dismiss and notify, webauthn:extension:credBlob: true, webauthn:extension:largeBlob: true, webauthn:extension:minPinLength: true, webauthn:extension:prf: true, webauthn:virtualAuthenticators: true}
Session ID: b6ae524b759c582c858781b5f43c6f1c]]>
            </message>
            <full-stacktrace>
              <![CDATA[org.openqa.selenium.TimeoutException: Expected condition failed: waiting for visibility of element located by By.cssSelector: .mb-3 (tried for 5 second(s) with 500 milliseconds interval)
Build info: version: '4.18.1', revision: 'b1d3319b48'
System info: os.name: 'Windows 11', os.arch: 'amd64', os.version: '10.0', java.version: '17.0.10'
Driver info: org.openqa.selenium.chrome.ChromeDriver
Capabilities {acceptInsecureCerts: false, browserName: chrome, browserVersion: 123.0.6312.106, chrome: {chromedriverVersion: 123.0.6312.122 (31f8248cdd9..., userDataDir: C:\Users\chait\AppData\Loca...}, fedcm:accounts: true, goog:chromeOptions: {debuggerAddress: localhost:52526}, networkConnectionEnabled: false, pageLoadStrategy: normal, platformName: windows, proxy: Proxy(), se:cdp: ws://localhost:52526/devtoo..., se:cdpVersion: 123.0.6312.106, setWindowRect: true, strictFileInteractability: false, timeouts: {implicit: 0, pageLoad: 300000, script: 30000}, unhandledPromptBehavior: dismiss and notify, webauthn:extension:credBlob: true, webauthn:extension:largeBlob: true, webauthn:extension:minPinLength: true, webauthn:extension:prf: true, webauthn:virtualAuthenticators: true}
Session ID: b6ae524b759c582c858781b5f43c6f1c
at org.openqa.selenium.support.ui.WebDriverWait.timeoutException(WebDriverWait.java:84)
at org.openqa.selenium.support.ui.FluentWait.until(FluentWait.java:228)
at AbstractComponents.AbstractComponent.getWaitTimeReady(AbstractComponent.java:50)
at PageObjects.ProductCatalogue.getProductsList(ProductCatalogue.java:44)
at ChaitanyaLearning.ErrorValidations.submitOrderForCart(ErrorValidations.java:38)
at java.base/jdk.internal.reflect.NativeMethodAccessorImpl.invoke0(Native Method)
at java.base/jdk.internal.reflect.NativeMethodAccessorImpl.invoke(NativeMethodAccessorImpl.java:77)
at java.base/jdk.internal.reflect.DelegatingMethodAccessorImpl.invoke(DelegatingMethodAccessorImpl.java:43)
at java.base/java.lang.reflect.Method.invoke(Method.java:568)
at org.testng.internal.invokers.MethodInvocationHelper.invokeMethod(MethodInvocationHelper.java:139)
at org.testng.internal.invokers.TestInvoker.invokeMethod(TestInvoker.java:664)
at org.testng.internal.invokers.TestInvoker.invokeTestMethod(TestInvoker.java:228)
at org.testng.internal.invokers.MethodRunner.runInSequence(MethodRunner.java:63)
at org.testng.internal.invokers.TestInvoker$MethodInvocationAgent.invoke(TestInvoker.java:961)
at org.testng.internal.invokers.TestInvoker.invokeTestMethods(TestInvoker.java:201)
at org.testng.internal.invokers.TestMethodWorker.invokeTestMethods(TestMethodWorker.java:148)
at org.testng.internal.invokers.TestMethodWorker.run(TestMethodWorker.java:128)
at java.base/java.util.ArrayList.forEach(ArrayList.java:1511)
at org.testng.TestRunner.privateRun(TestRunner.java:819)
at org.testng.TestRunner.run(TestRunner.java:619)
at org.testng.SuiteRunner.runTest(SuiteRunner.java:443)
at org.testng.SuiteRunner$SuiteWorker.run(SuiteRunner.java:481)
at org.testng.internal.thread.ThreadUtil.lambda$execute$0(ThreadUtil.java:58)
at java.base/java.util.concurrent.FutureTask.run(FutureTask.java:264)
at java.base/java.util.concurrent.ThreadPoolExecutor.runWorker(ThreadPoolExecutor.java:1136)
at java.base/java.util.concurrent.ThreadPoolExecutor$Worker.run(ThreadPoolExecutor.java:635)
at java.base/java.lang.Thread.run(Thread.java:840)
]]>
            </full-stacktrace>
          </exception> <!-- org.openqa.selenium.TimeoutException -->
          <reporter-output>
          </reporter-output>
        </test-method> <!-- submitOrderForCart -->
        <test-method is-config="true" signature="tearDown()[pri:0, instance:ChaitanyaLearning.ErrorValidations@5a18cd76]" started-at="2024-04-11T13:19:22 EDT" name="tearDown" finished-at="2024-04-11T13:19:27 EDT" duration-ms="5048" status="PASS">
          <reporter-output>
          </reporter-output>
        </test-method> <!-- tearDown -->
        <test-method is-config="true" signature="launchApplication()[pri:0, instance:ChaitanyaLearning.ErrorValidations@5a18cd76]" started-at="2024-04-11T13:19:27 EDT" name="launchApplication" finished-at="2024-04-11T13:19:31 EDT" duration-ms="4581" status="PASS">
          <reporter-output>
          </reporter-output>
        </test-method> <!-- launchApplication -->
        <test-method signature="submitOrderForCart()[pri:0, instance:ChaitanyaLearning.ErrorValidations@5a18cd76]" started-at="2024-04-11T13:19:31 EDT" name="submitOrderForCart" finished-at="2024-04-11T13:19:42 EDT" duration-ms="10289" status="FAIL">
          <exception class="org.openqa.selenium.TimeoutException">
            <message>
              <![CDATA[Expected condition failed: waiting for visibility of element located by By.cssSelector: .mb-3 (tried for 5 second(s) with 500 milliseconds interval)
Build info: version: '4.18.1', revision: 'b1d3319b48'
System info: os.name: 'Windows 11', os.arch: 'amd64', os.version: '10.0', java.version: '17.0.10'
Driver info: org.openqa.selenium.chrome.ChromeDriver
Capabilities {acceptInsecureCerts: false, browserName: chrome, browserVersion: 123.0.6312.106, chrome: {chromedriverVersion: 123.0.6312.122 (31f8248cdd9..., userDataDir: C:\Users\chait\AppData\Loca...}, fedcm:accounts: true, goog:chromeOptions: {debuggerAddress: localhost:52574}, networkConnectionEnabled: false, pageLoadStrategy: normal, platformName: windows, proxy: Proxy(), se:cdp: ws://localhost:52574/devtoo..., se:cdpVersion: 123.0.6312.106, setWindowRect: true, strictFileInteractability: false, timeouts: {implicit: 0, pageLoad: 300000, script: 30000}, unhandledPromptBehavior: dismiss and notify, webauthn:extension:credBlob: true, webauthn:extension:largeBlob: true, webauthn:extension:minPinLength: true, webauthn:extension:prf: true, webauthn:virtualAuthenticators: true}
Session ID: 6f9e7bbfeb2df9c0b8e9503e41fa4335]]>
            </message>
            <full-stacktrace>
              <![CDATA[org.openqa.selenium.TimeoutException: Expected condition failed: waiting for visibility of element located by By.cssSelector: .mb-3 (tried for 5 second(s) with 500 milliseconds interval)
Build info: version: '4.18.1', revision: 'b1d3319b48'
System info: os.name: 'Windows 11', os.arch: 'amd64', os.version: '10.0', java.version: '17.0.10'
Driver info: org.openqa.selenium.chrome.ChromeDriver
Capabilities {acceptInsecureCerts: false, browserName: chrome, browserVersion: 123.0.6312.106, chrome: {chromedriverVersion: 123.0.6312.122 (31f8248cdd9..., userDataDir: C:\Users\chait\AppData\Loca...}, fedcm:accounts: true, goog:chromeOptions: {debuggerAddress: localhost:52574}, networkConnectionEnabled: false, pageLoadStrategy: normal, platformName: windows, proxy: Proxy(), se:cdp: ws://localhost:52574/devtoo..., se:cdpVersion: 123.0.6312.106, setWindowRect: true, strictFileInteractability: false, timeouts: {implicit: 0, pageLoad: 300000, script: 30000}, unhandledPromptBehavior: dismiss and notify, webauthn:extension:credBlob: true, webauthn:extension:largeBlob: true, webauthn:extension:minPinLength: true, webauthn:extension:prf: true, webauthn:virtualAuthenticators: true}
Session ID: 6f9e7bbfeb2df9c0b8e9503e41fa4335
at org.openqa.selenium.support.ui.WebDriverWait.timeoutException(WebDriverWait.java:84)
at org.openqa.selenium.support.ui.FluentWait.until(FluentWait.java:228)
at AbstractComponents.AbstractComponent.getWaitTimeReady(AbstractComponent.java:50)
at PageObjects.ProductCatalogue.getProductsList(ProductCatalogue.java:44)
at ChaitanyaLearning.ErrorValidations.submitOrderForCart(ErrorValidations.java:38)
at java.base/jdk.internal.reflect.NativeMethodAccessorImpl.invoke0(Native Method)
at java.base/jdk.internal.reflect.NativeMethodAccessorImpl.invoke(NativeMethodAccessorImpl.java:77)
at java.base/jdk.internal.reflect.DelegatingMethodAccessorImpl.invoke(DelegatingMethodAccessorImpl.java:43)
at java.base/java.lang.reflect.Method.invoke(Method.java:568)
at org.testng.internal.invokers.MethodInvocationHelper.invokeMethod(MethodInvocationHelper.java:139)
at org.testng.internal.invokers.TestInvoker.invokeMethod(TestInvoker.java:664)
at org.testng.internal.invokers.TestInvoker.retryFailed(TestInvoker.java:249)
at org.testng.internal.invokers.MethodRunner.runInSequence(MethodRunner.java:76)
at org.testng.internal.invokers.TestInvoker$MethodInvocationAgent.invoke(TestInvoker.java:961)
at org.testng.internal.invokers.TestInvoker.invokeTestMethods(TestInvoker.java:201)
at org.testng.internal.invokers.TestMethodWorker.invokeTestMethods(TestMethodWorker.java:148)
at org.testng.internal.invokers.TestMethodWorker.run(TestMethodWorker.java:128)
at java.base/java.util.ArrayList.forEach(ArrayList.java:1511)
at org.testng.TestRunner.privateRun(TestRunner.java:819)
at org.testng.TestRunner.run(TestRunner.java:619)
at org.testng.SuiteRunner.runTest(SuiteRunner.java:443)
at org.testng.SuiteRunner$SuiteWorker.run(SuiteRunner.java:481)
at org.testng.internal.thread.ThreadUtil.lambda$execute$0(ThreadUtil.java:58)
at java.base/java.util.concurrent.FutureTask.run(FutureTask.java:264)
at java.base/java.util.concurrent.ThreadPoolExecutor.runWorker(ThreadPoolExecutor.java:1136)
at java.base/java.util.concurrent.ThreadPoolExecutor$Worker.run(ThreadPoolExecutor.java:635)
at java.base/java.lang.Thread.run(Thread.java:840)
]]>
            </full-stacktrace>
          </exception> <!-- org.openqa.selenium.TimeoutException -->
          <reporter-output>
          </reporter-output>
        </test-method> <!-- submitOrderForCart -->
        <test-method is-config="true" signature="tearDown()[pri:0, instance:ChaitanyaLearning.ErrorValidations@5a18cd76]" started-at="2024-04-11T13:19:42 EDT" name="tearDown" finished-at="2024-04-11T13:19:47 EDT" duration-ms="5051" status="PASS">
          <reporter-output>
          </reporter-output>
        </test-method> <!-- tearDown -->
      </class> <!-- ChaitanyaLearning.ErrorValidations -->
    </test> <!-- ErrorValidation -->
    <test started-at="2024-04-11T13:18:56 EDT" name="StandAloneTest" finished-at="2024-04-11T13:19:48 EDT" duration-ms="51712">
      <class name="ChaitanyaLearning.StandAloneTest">
        <test-method is-config="true" signature="launchApplication()[pri:0, instance:ChaitanyaLearning.StandAloneTest@e70f13a]" started-at="2024-04-11T13:18:56 EDT" name="launchApplication" finished-at="2024-04-11T13:19:01 EDT" duration-ms="5062" status="PASS">
          <reporter-output>
          </reporter-output>
        </test-method> <!-- launchApplication -->
        <test-method signature="submitOrder(java.util.HashMap)[pri:0, instance:ChaitanyaLearning.StandAloneTest@e70f13a]" started-at="2024-04-11T13:19:01 EDT" name="submitOrder" data-provider="dataToBeUsed" finished-at="2024-04-11T13:19:05 EDT" duration-ms="4233" status="PASS">
          <params>
            <param index="0">
              <value>
                <![CDATA[{password=988507chaitU., product=ZARA COAT 3, email=john.reeves@gmail.com}]]>
              </value>
            </param>
          </params>
          <reporter-output>
          </reporter-output>
        </test-method> <!-- submitOrder -->
        <test-method is-config="true" signature="tearDown()[pri:0, instance:ChaitanyaLearning.StandAloneTest@e70f13a]" started-at="2024-04-11T13:19:05 EDT" name="tearDown" finished-at="2024-04-11T13:19:10 EDT" duration-ms="5082" status="PASS">
          <reporter-output>
          </reporter-output>
        </test-method> <!-- tearDown -->
        <test-method is-config="true" signature="launchApplication()[pri:0, instance:ChaitanyaLearning.StandAloneTest@e70f13a]" started-at="2024-04-11T13:19:10 EDT" name="launchApplication" finished-at="2024-04-11T13:19:15 EDT" duration-ms="4917" status="PASS">
          <reporter-output>
          </reporter-output>
        </test-method> <!-- launchApplication -->
        <test-method signature="submitOrder(java.util.HashMap)[pri:0, instance:ChaitanyaLearning.StandAloneTest@e70f13a]" started-at="2024-04-11T13:19:15 EDT" name="submitOrder" data-provider="dataToBeUsed" finished-at="2024-04-11T13:19:32 EDT" duration-ms="16249" status="PASS">
          <params>
            <param index="0">
              <value>
                <![CDATA[{password=988507chaitU., product=ADIDAS ORIGINAL, email=john.reeves@gmail.com}]]>
              </value>
            </param>
          </params>
          <reporter-output>
          </reporter-output>
        </test-method> <!-- submitOrder -->
        <test-method is-config="true" signature="tearDown()[pri:0, instance:ChaitanyaLearning.StandAloneTest@e70f13a]" started-at="2024-04-11T13:19:32 EDT" name="tearDown" finished-at="2024-04-11T13:19:37 EDT" duration-ms="5056" status="PASS">
          <reporter-output>
          </reporter-output>
        </test-method> <!-- tearDown -->
        <test-method is-config="true" signature="launchApplication()[pri:0, instance:ChaitanyaLearning.StandAloneTest@e70f13a]" started-at="2024-04-11T13:19:37 EDT" name="launchApplication" finished-at="2024-04-11T13:19:41 EDT" duration-ms="4750" status="PASS">
          <reporter-output>
          </reporter-output>
        </test-method> <!-- launchApplication -->
        <test-method signature="submitOrderToGetOrders()[pri:0, instance:ChaitanyaLearning.StandAloneTest@e70f13a]" started-at="2024-04-11T13:19:41 EDT" name="submitOrderToGetOrders" finished-at="2024-04-11T13:19:42 EDT" depends-on-methods="ChaitanyaLearning.StandAloneTest.submitOrder" duration-ms="970" status="PASS">
          <reporter-output>
          </reporter-output>
        </test-method> <!-- submitOrderToGetOrders -->
        <test-method is-config="true" signature="tearDown()[pri:0, instance:ChaitanyaLearning.StandAloneTest@e70f13a]" started-at="2024-04-11T13:19:42 EDT" name="tearDown" finished-at="2024-04-11T13:19:48 EDT" duration-ms="5158" status="PASS">
          <reporter-output>
          </reporter-output>
        </test-method> <!-- tearDown -->
      </class> <!-- ChaitanyaLearning.StandAloneTest -->
    </test> <!-- StandAloneTest -->
  </suite> <!-- Suite -->
</testng-results>
